<?xml version="1.0" encoding="UTF-8"?>
<coverage generated="1771785157885" clover="3.2.0">
  <project timestamp="1771785157885" name="All files">
    <metrics statements="8" coveredstatements="8" conditionals="0" coveredconditionals="0" methods="2" coveredmethods="2" elements="10" coveredelements="10" complexity="0" loc="8" ncloc="8" packages="1" files="1" classes="1"/>
    <file name="shrutiData.ts" path="/Users/ckeshavabs/Downloads/carnatic-shruti-app/src/shrutiData.ts">
      <metrics statements="8" coveredstatements="8" conditionals="0" coveredconditionals="0" methods="2" coveredmethods="2"/>
      <line num="27" count="1" type="stmt"/>
      <line num="263" count="1" type="stmt"/>
      <line num="361" count="1" type="stmt"/>
      <line num="371" count="1" type="stmt"/>
      <line num="381" count="1" type="stmt"/>
      <line num="382" count="3" type="stmt"/>
      <line num="385" count="1" type="stmt"/>
      <line num="386" count="3" type="stmt"/>
    </file>
  </project>
</coverage>
