{"/Users/ckeshavabs/Downloads/carnatic-shruti-app/src/shrutiData.ts": {"path":"/Users/ckeshavabs/Downloads/carnatic-shruti-app/src/shrutiData.ts","statementMap":{"0":{"start":{"line":381,"column":0},"end":{"line":381,"column":16}},"1":{"start":{"line":385,"column":0},"end":{"line":385,"column":16}},"2":{"start":{"line":27,"column":13},"end":{"line":261,"column":2}},"3":{"start":{"line":263,"column":13},"end":{"line":359,"column":2}},"4":{"start":{"line":361,"column":13},"end":{"line":369,"column":2}},"5":{"start":{"line":371,"column":13},"end":{"line":379,"column":2}},"6":{"start":{"line":382,"column":2},"end":{"line":382,"column":47}},"7":{"start":{"line":386,"column":2},"end":{"line":386,"column":50}}},"fnMap":{"0":{"name":"calculateFrequency","decl":{"start":{"line":381,"column":16},"end":{"line":381,"column":34}},"loc":{"start":{"line":381,"column":81},"end":{"line":383,"column":1}}},"1":{"name":"getStringPosition","decl":{"start":{"line":385,"column":16},"end":{"line":385,"column":33}},"loc":{"start":{"line":385,"column":57},"end":{"line":387,"column":1}}}},"branchMap":{},"s":{"0":1,"1":1,"2":1,"3":1,"4":1,"5":1,"6":3,"7":3},"f":{"0":3,"1":3},"b":{}}
}
